nohup: ignoring input
Missing values before fillna:  book_id                        0
goodreads_book_id              0
authors                        0
original_publication_year     21
original_title               585
image_url                      0
dtype: int64
Missing values after fillna:  book_id                      0
goodreads_book_id            0
authors                      0
original_publication_year    0
original_title               0
image_url                    0
dtype: int64
Books shape before drop dup:  (10000, 6)
Ratings shape before drop dup:  (5976479, 3)
Books shape after drop dup:  (10000, 6)
Ratings shape after drop dup:  (5976479, 3)
Size train and test data:
898364 224592
Estimating biases using als...
Computing the pearson_baseline similarity matrix...
Done computing similarity matrix.
RMSE: 0.8419
Test RMSE best model:  0.8419322312769218
Traceback (most recent call last):
  File "/home/jovyan/workspace/goodbooks-10k/train.py", line 203, in <module>
    model_best.fit(dataset)
  File "/opt/saturncloud/envs/saturn/lib/python3.9/site-packages/surprise/prediction_algorithms/knns.py", line 281, in fit
    SymmetricAlgo.fit(self, trainset)
  File "/opt/saturncloud/envs/saturn/lib/python3.9/site-packages/surprise/prediction_algorithms/knns.py", line 40, in fit
    self.n_x = self.trainset.n_users if ub else self.trainset.n_items
AttributeError: 'DatasetAutoFolds' object has no attribute 'n_users'
